2019-04-15 00:57:50 +0000  Initial pipeline context: <IDEDistributionProcessingPipelineContext: 0x7fcf27d280c0; archive(resolved)='<IDEArchive: 0x7fcf26d4b860>', distributionTask(resolved)='2', distributionDestination(resolved)='2', distributionMethod(resolved)='<IDEDistributionMethodiOSAppStoreDistribution: 0x7fcf23269e30>', team(resolved)='<IDEProvisioningDisambiguatableBasicTeam: 0x7fcf220c8d50; teamID='6W82833MBA', teamName='mustapha esber', teamType='Individual', username='arabtrainer@outlook.sa', isFreeProvisioningTeam='0'>'>
	Chain (13, self inclusive):
	<IDEDistributionProcessingPipelineContext: 0x7fcf27d280c0; archive = '<IDEArchive: 0x7fcf26d4b860>', distributionMethod='<IDEDistributionMethodiOSAppStoreDistribution: 0x7fcf23269e30>', team='<IDEProvisioningDisambiguatableBasicTeam: 0x7fcf220c8d50; teamID='6W82833MBA', teamName='mustapha esber', teamType='Individual', username='arabtrainer@outlook.sa', isFreeProvisioningTeam='0'>'>
	<IDEDistributionProcessingPipelineContext: 0x7fcf27bf7f10; archive = '<IDEArchive: 0x7fcf26d4b860>', distributionMethod='<IDEDistributionMethodiOSAppStoreDistribution: 0x7fcf23269e30>', team='<IDEProvisioningDisambiguatableBasicTeam: 0x7fcf220c8d50; teamID='6W82833MBA', teamName='mustapha esber', teamType='Individual', username='arabtrainer@outlook.sa', isFreeProvisioningTeam='0'>'>
	<IDEDistributionContext: 0x7fcf26472100; archive = '<IDEArchive: 0x7fcf26d4b860>', distributionMethod='<IDEDistributionMethodiOSAppStoreDistribution: 0x7fcf23269e30>', team='<IDEProvisioningDisambiguatableBasicTeam: 0x7fcf220c8d50; teamID='6W82833MBA', teamName='mustapha esber', teamType='Individual', username='arabtrainer@outlook.sa', isFreeProvisioningTeam='0'>'>
	<IDEDistributionContext: 0x7fcf26bd0290; archive = '<IDEArchive: 0x7fcf26d4b860>', distributionMethod='<IDEDistributionMethodiOSAppStoreDistribution: 0x7fcf23269e30>', team='<IDEProvisioningDisambiguatableBasicTeam: 0x7fcf220c8d50; teamID='6W82833MBA', teamName='mustapha esber', teamType='Individual', username='arabtrainer@outlook.sa', isFreeProvisioningTeam='0'>'>
	<IDEDistributionContext: 0x7fcf26779af0; archive = '<IDEArchive: 0x7fcf26d4b860>', distributionMethod='<IDEDistributionMethodiOSAppStoreDistribution: 0x7fcf23269e30>', team='<IDEProvisioningDisambiguatableBasicTeam: 0x7fcf220c8d50; teamID='6W82833MBA', teamName='mustapha esber', teamType='Individual', username='arabtrainer@outlook.sa', isFreeProvisioningTeam='0'>'>
	<IDEDistributionContext: 0x7fcf26b8e3f0; archive = '<IDEArchive: 0x7fcf26d4b860>', distributionMethod='<IDEDistributionMethodiOSAppStoreDistribution: 0x7fcf23269e30>', team='<IDEProvisioningDisambiguatableBasicTeam: 0x7fcf220c8d50; teamID='6W82833MBA', teamName='mustapha esber', teamType='Individual', username='arabtrainer@outlook.sa', isFreeProvisioningTeam='0'>'>
	<IDEDistributionContext: 0x7fcf26b707b0; archive = '<IDEArchive: 0x7fcf26d4b860>', distributionMethod='<IDEDistributionMethodiOSAppStoreDistribution: 0x7fcf23269e30>', team='<IDEProvisioningDisambiguatableBasicTeam: 0x7fcf220c8d50; teamID='6W82833MBA', teamName='mustapha esber', teamType='Individual', username='arabtrainer@outlook.sa', isFreeProvisioningTeam='0'>'>
	<IDEDistributionContext: 0x7fcf274f2d40; archive = '<IDEArchive: 0x7fcf26d4b860>', distributionMethod='<IDEDistributionMethodiOSAppStoreDistribution: 0x7fcf23269e30>', team='<IDEProvisioningDisambiguatableBasicTeam: 0x7fcf220c8d50; teamID='6W82833MBA', teamName='mustapha esber', teamType='Individual', username='arabtrainer@outlook.sa', isFreeProvisioningTeam='0'>'>
	<IDEDistributionContext: 0x7fcf234cc010; archive = '<IDEArchive: 0x7fcf26d4b860>', distributionMethod='<IDEDistributionMethodiOSAppStoreDistribution: 0x7fcf23269e30>', team='<IDEProvisioningDisambiguatableBasicTeam: 0x7fcf220c8d50; teamID='6W82833MBA', teamName='mustapha esber', teamType='Individual', username='arabtrainer@outlook.sa', isFreeProvisioningTeam='0'>'>
	<IDEDistributionContext: 0x7fcf285e5420; archive = '<IDEArchive: 0x7fcf26d4b860>', distributionMethod='<IDEDistributionMethodiOSAppStoreDistribution: 0x7fcf23269e30>', team='<IDEProvisioningDisambiguatableBasicTeam: 0x7fcf220c8d50; teamID='6W82833MBA', teamName='mustapha esber', teamType='Individual', username='arabtrainer@outlook.sa', isFreeProvisioningTeam='0'>'>
	<IDEDistributionContext: 0x7fcf26b00060; archive = '<IDEArchive: 0x7fcf26d4b860>', distributionMethod='<IDEDistributionMethodiOSAppStoreDistribution: 0x7fcf23269e30>', team='(null)'>
	<IDEDistributionContext: 0x7fcf2642d940; archive = '<IDEArchive: 0x7fcf26d4b860>', distributionMethod='<IDEDistributionMethodiOSAppStoreDistribution: 0x7fcf23269e30>', team='(null)'>
	<IDEDistributionContext: 0x7fcf26da06a0; archive = '<IDEArchive: 0x7fcf26d4b860>', distributionMethod='(null)', team='(null)'>
</IDEDistributionProcessingPipelineContext: 0x7fcf27d280c0>
2019-04-15 00:57:50 +0000  Processing step: IDEDistributionCreateDestRootStep
2019-04-15 00:57:50 +0000  Processing step: IDEDistributionCopyItemStep
2019-04-15 00:57:50 +0000  Running /usr/bin/ditto '-V' '/Users/ehshs/Library/Developer/Xcode/Archives/2019-04-15/ModarebAraby 4-15-19, 2.56 AM.xcarchive/Products/Applications/ModarebAraby.app' '/var/folders/x6/blkpl5cn0bl3nc8dlxh462sc0000gn/T/XcodeDistPipeline.3Ne/Root/Payload/ModarebAraby.app'
2019-04-15 00:57:50 +0000  >>> Copying /Users/ehshs/Library/Developer/Xcode/Archives/2019-04-15/ModarebAraby 4-15-19, 2.56 AM.xcarchive/Products/Applications/ModarebAraby.app 
2019-04-15 00:57:50 +0000  copying file ./_CodeSignature/CodeResources ... 
2019-04-15 00:57:50 +0000  13327 bytes for ./_CodeSignature/CodeResources
2019-04-15 00:57:50 +0000  copying file ./Octicons.ttf ... 
2019-04-15 00:57:50 +0000  27520 bytes for ./Octicons.ttf
2019-04-15 00:57:50 +0000  copying file ./Feather.ttf ... 
2019-04-15 00:57:50 +0000  55288 bytes for ./Feather.ttf
2019-04-15 00:57:50 +0000  copying file ./ModarebAraby ... 
2019-04-15 00:57:54 +0000  35433776 bytes for ./ModarebAraby
2019-04-15 00:57:54 +0000  copying file ./Roboto_medium.ttf ... 
2019-04-15 00:57:54 +0000  137308 bytes for ./Roboto_medium.ttf
copying file ./Entypo.ttf ... 
2019-04-15 00:57:54 +0000  65584 bytes for ./Entypo.ttf
2019-04-15 00:57:54 +0000  copying file ./FontAwesome5_Brands.ttf ... 
2019-04-15 00:57:54 +0000  118324 bytes for ./FontAwesome5_Brands.ttf
2019-04-15 00:57:54 +0000  copying file ./AppIcon29x29.png ... 
2019-04-15 00:57:54 +0000  3385 bytes for ./AppIcon29x29.png
2019-04-15 00:57:54 +0000  copying file ./MaterialCommunityIcons.ttf ... 
2019-04-15 00:57:54 +0000  322456 bytes for ./MaterialCommunityIcons.ttf
copying file ./AppIcon60x60@2x.png ... 
2019-04-15 00:57:54 +0000  30877 bytes for ./AppIcon60x60@2x.png
copying file ./AppIcon29x29@2x.png ... 
2019-04-15 00:57:54 +0000  9164 bytes for ./AppIcon29x29@2x.png
copying file ./AntDesign.ttf ... 
2019-04-15 00:57:54 +0000  70344 bytes for ./AntDesign.ttf
copying file ./AppIcon40x40@3x.png ... 
2019-04-15 00:57:54 +0000  30877 bytes for ./AppIcon40x40@3x.png
copying file ./Foundation.ttf ... 
2019-04-15 00:57:54 +0000  56976 bytes for ./Foundation.ttf
copying file ./Ionicons.ttf ... 
2019-04-15 00:57:55 +0000  143936 bytes for ./Ionicons.ttf
2019-04-15 00:57:55 +0000  copying file ./FontAwesome5_Solid.ttf ... 
2019-04-15 00:57:55 +0000  180500 bytes for ./FontAwesome5_Solid.ttf
2019-04-15 00:57:55 +0000  copying file ./AppIcon40x40@2x.png ... 
2019-04-15 00:57:55 +0000  15362 bytes for ./AppIcon40x40@2x.png
2019-04-15 00:57:55 +0000  copying file ./FontAwesome5_Regular.ttf ... 
2019-04-15 00:57:55 +0000  40348 bytes for ./FontAwesome5_Regular.ttf
2019-04-15 00:57:55 +0000  copying file ./AppIcon29x29@3x.png ... 
2019-04-15 00:57:55 +0000  17856 bytes for ./AppIcon29x29@3x.png
2019-04-15 00:57:55 +0000  copying file ./AppIcon60x60@3x.png ... 
2019-04-15 00:57:55 +0000  62265 bytes for ./AppIcon60x60@3x.png
copying file ./rubicon-icon-font.ttf ... 
2019-04-15 00:57:55 +0000  10208 bytes for ./rubicon-icon-font.ttf
2019-04-15 00:57:55 +0000  copying file ./Base.lproj/LaunchScreen.nib ... 
2019-04-15 00:57:55 +0000  850 bytes for ./Base.lproj/LaunchScreen.nib
2019-04-15 00:57:55 +0000  copying file ./FontAwesome.ttf ... 
2019-04-15 00:57:55 +0000  165548 bytes for ./FontAwesome.ttf
copying file ./Zocial.ttf ... 
2019-04-15 00:57:55 +0000  25552 bytes for ./Zocial.ttf
2019-04-15 00:57:55 +0000  copying file ./Roboto.ttf ... 
2019-04-15 00:57:55 +0000  145348 bytes for ./Roboto.ttf
2019-04-15 00:57:55 +0000  copying file ./Assets.car ... 
2019-04-15 00:57:55 +0000  229416 bytes for ./Assets.car
copying file ./EvilIcons.ttf ... 
2019-04-15 00:57:56 +0000  13128 bytes for ./EvilIcons.ttf
copying file ./main.jsbundle ... 
2019-04-15 00:58:00 +0000  2247352 bytes for ./main.jsbundle
copying file ./SimpleLineIcons.ttf ... 
2019-04-15 00:58:00 +0000  54056 bytes for ./SimpleLineIcons.ttf
copying file ./embedded.mobileprovision ... 
2019-04-15 00:58:00 +0000  7525 bytes for ./embedded.mobileprovision
2019-04-15 00:58:01 +0000  copying file ./assets/node_modules/react-navigation-stack/dist/views/assets/back-icon@3x.png ... 
2019-04-15 00:58:01 +0000  761 bytes for ./assets/node_modules/react-navigation-stack/dist/views/assets/back-icon@3x.png
2019-04-15 00:58:01 +0000  copying file ./assets/node_modules/react-navigation-stack/dist/views/assets/back-icon@2x.png ... 
2019-04-15 00:58:01 +0000  405 bytes for ./assets/node_modules/react-navigation-stack/dist/views/assets/back-icon@2x.png
copying file ./assets/node_modules/react-navigation-stack/dist/views/assets/back-icon.png ... 
2019-04-15 00:58:01 +0000  290 bytes for ./assets/node_modules/react-navigation-stack/dist/views/assets/back-icon.png
2019-04-15 00:58:01 +0000  copying file ./assets/node_modules/react-navigation-stack/dist/views/assets/back-icon-mask.png ... 
2019-04-15 00:58:01 +0000  659 bytes for ./assets/node_modules/react-navigation-stack/dist/views/assets/back-icon-mask.png
2019-04-15 00:58:01 +0000  copying file ./assets/src/assets/images/user-default1.jpg ... 
2019-04-15 00:58:01 +0000  113597 bytes for ./assets/src/assets/images/user-default1.jpg
copying file ./assets/src/assets/images/tooltip.png ... 
2019-04-15 00:58:01 +0000  140086 bytes for ./assets/src/assets/images/tooltip.png
2019-04-15 00:58:01 +0000  copying file ./assets/src/assets/images/logo.png ... 
2019-04-15 00:58:01 +0000  154968 bytes for ./assets/src/assets/images/logo.png
2019-04-15 00:58:03 +0000  copying file ./assets/src/assets/images/user-default.png ... 
2019-04-15 00:58:03 +0000  19477 bytes for ./assets/src/assets/images/user-default.png
2019-04-15 00:58:03 +0000  copying file ./Info.plist ... 
2019-04-15 00:58:03 +0000  1776 bytes for ./Info.plist
copying file ./PkgInfo ... 
2019-04-15 00:58:03 +0000  8 bytes for ./PkgInfo
copying file ./MaterialIcons.ttf ... 
2019-04-15 00:58:04 +0000  /usr/bin/ditto exited with 0
2019-04-15 00:58:04 +0000  128180 bytes for ./MaterialIcons.ttf
2019-04-15 00:58:04 +0000  Processing step: IDEDistributionEmbedProfileStep
2019-04-15 00:58:04 +0000  Processing step: IDEDistributionItemRemovalStep
2019-04-15 00:58:04 +0000  Processing step: IDEDistributionAppThinningPlistStep
2019-04-15 00:58:04 +0000  Skipping step: IDEDistributionAppThinningPlistStep because it said so
2019-04-15 00:58:04 +0000  Processing step: IDEDistributionCompileBitcodeStep
2019-04-15 00:58:04 +0000  Skipping step: IDEDistributionCompileBitcodeStep because it said so
2019-04-15 00:58:04 +0000  Processing step: IDEDistributionCodeSlimmingStep
2019-04-15 00:58:05 +0000  Processing step: IDEDistributionCopyBCSymbolMapsStep
2019-04-15 00:58:05 +0000  Running /usr/bin/ditto '-V' '/Users/ehshs/Library/Developer/Xcode/Archives/2019-04-15/ModarebAraby 4-15-19, 2.56 AM.xcarchive/BCSymbolMaps/923755D1-3251-3407-B892-48EA118712E7.bcsymbolmap' '/var/folders/x6/blkpl5cn0bl3nc8dlxh462sc0000gn/T/XcodeDistPipeline.3Ne/Root/BCSymbolMaps/923755D1-3251-3407-B892-48EA118712E7.bcsymbolmap'
2019-04-15 00:58:05 +0000  >>> Copying /Users/ehshs/Library/Developer/Xcode/Archives/2019-04-15/ModarebAraby 4-15-19, 2.56 AM.xcarchive/BCSymbolMaps/923755D1-3251-3407-B892-48EA118712E7.bcsymbolmap 
2019-04-15 00:58:05 +0000  copying file ./923755D1-3251-3407-B892-48EA118712E7.bcsymbolmap ... 
2019-04-15 00:58:05 +0000  847814 bytes for ./923755D1-3251-3407-B892-48EA118712E7.bcsymbolmap
2019-04-15 00:58:05 +0000  /usr/bin/ditto exited with 0
2019-04-15 00:58:05 +0000  Running /usr/bin/ditto '-V' '/Users/ehshs/Library/Developer/Xcode/Archives/2019-04-15/ModarebAraby 4-15-19, 2.56 AM.xcarchive/BCSymbolMaps/EA1D5C41-9E7D-3D0D-8B2A-7AB276C53DF0.bcsymbolmap' '/var/folders/x6/blkpl5cn0bl3nc8dlxh462sc0000gn/T/XcodeDistPipeline.3Ne/Root/BCSymbolMaps/EA1D5C41-9E7D-3D0D-8B2A-7AB276C53DF0.bcsymbolmap'
2019-04-15 00:58:05 +0000  >>> Copying /Users/ehshs/Library/Developer/Xcode/Archives/2019-04-15/ModarebAraby 4-15-19, 2.56 AM.xcarchive/BCSymbolMaps/EA1D5C41-9E7D-3D0D-8B2A-7AB276C53DF0.bcsymbolmap 
2019-04-15 00:58:05 +0000  copying file ./EA1D5C41-9E7D-3D0D-8B2A-7AB276C53DF0.bcsymbolmap ... 
2019-04-15 00:58:06 +0000  855778 bytes for ./EA1D5C41-9E7D-3D0D-8B2A-7AB276C53DF0.bcsymbolmap
2019-04-15 00:58:06 +0000  /usr/bin/ditto exited with 0
2019-04-15 00:58:06 +0000  Processing step: IDEDistributionSymbolsStep
2019-04-15 00:58:06 +0000  Excluding symbols for ModarebAraby.app
2019-04-15 00:58:06 +0000  Processing step: IDEDistributionCopyAppleProvidedContentStep
2019-04-15 00:58:06 +0000  Processing step: IDEDistributionAppThinningStep
2019-04-15 00:58:06 +0000  Skipping step: IDEDistributionAppThinningStep because it said so
2019-04-15 00:58:06 +0000  Processing step: IDEDistributionArchThinningStep
2019-04-15 00:58:06 +0000  Running /Volumes/Shared/Xcode.app/Contents/Developer/Toolchains/XcodeDefault.xctoolchain/usr/bin/lipo '/var/folders/x6/blkpl5cn0bl3nc8dlxh462sc0000gn/T/XcodeDistPipeline.3Ne/Root/Payload/ModarebAraby.app/ModarebAraby' '-verify_arch' 'arm64e'
2019-04-15 00:58:06 +0000  /Volumes/Shared/Xcode.app/Contents/Developer/Toolchains/XcodeDefault.xctoolchain/usr/bin/lipo exited with 1
2019-04-15 00:58:06 +0000  Skipping architecture thinning for item "ModarebAraby" because arch "arm64e" wasn't found
2019-04-15 00:58:06 +0000  Processing step: IDEDistributionODRStep
2019-04-15 00:58:06 +0000  Processing step: IDEDistributionStripXattrsStep
2019-04-15 00:58:06 +0000  Running /usr/bin/xattr '-crs' '/var/folders/x6/blkpl5cn0bl3nc8dlxh462sc0000gn/T/XcodeDistPipeline.3Ne/Root/Payload/ModarebAraby.app'
2019-04-15 00:58:11 +0000  /usr/bin/xattr exited with 0
2019-04-15 00:58:11 +0000  Processing step: IDEDistributionCodesignStep
2019-04-15 00:58:11 +0000  Entitlements for <IDEDistributionItem: 0x7fcf24894d30 'com.fekra.arabtrainer' '<DVTFilePath:0x7fcf277794b0:'/Users/ehshs/Library/Developer/Xcode/Archives/2019-04-15/ModarebAraby 4-15-19, 2.56 AM.xcarchive/Products/Applications/ModarebAraby.app'>'>: {
    "application-identifier" = "6W82833MBA.com.fekra.arabtrainer";
    "beta-reports-active" = 1;
    "com.apple.developer.team-identifier" = 6W82833MBA;
    "get-task-allow" = 0;
    "keychain-access-groups" =     (
        "6W82833MBA.com.fekra.arabtrainer"
    );
}
2019-04-15 00:58:11 +0000  Writing entitlements for <IDEDistributionItem: 0x7fcf24894d30 'com.fekra.arabtrainer' '<DVTFilePath:0x7fcf277794b0:'/Users/ehshs/Library/Developer/Xcode/Archives/2019-04-15/ModarebAraby 4-15-19, 2.56 AM.xcarchive/Products/Applications/ModarebAraby.app'>'> to: /var/folders/x6/blkpl5cn0bl3nc8dlxh462sc0000gn/T/XcodeDistPipeline.3Ne/entitlementskRtEx6
2019-04-15 00:58:12 +0000  Running /usr/bin/codesign '-vvv' '--force' '--sign' '1139A729FB0F7F3D7A2F1BF0486156E5C3AD3CAD' '--entitlements' '/var/folders/x6/blkpl5cn0bl3nc8dlxh462sc0000gn/T/XcodeDistPipeline.3Ne/entitlementskRtEx6' '--preserve-metadata=identifier,flags,runtime' '/var/folders/x6/blkpl5cn0bl3nc8dlxh462sc0000gn/T/XcodeDistPipeline.3Ne/Root/Payload/ModarebAraby.app'
2019-04-15 00:58:14 +0000  /var/folders/x6/blkpl5cn0bl3nc8dlxh462sc0000gn/T/XcodeDistPipeline.3Ne/Root/Payload/ModarebAraby.app: signed app bundle with Mach-O universal (armv7 arm64) [com.fekra.arabtrainer]
2019-04-15 00:58:14 +0000  /usr/bin/codesign exited with 0
2019-04-15 00:58:14 +0000  Processing step: IDEDistributionZipODRItemStep
2019-04-15 00:58:14 +0000  Skipping step: IDEDistributionZipODRItemStep because it said so
2019-04-15 00:58:14 +0000  Processing step: IDEDistributionCreateIPAStep
2019-04-15 00:58:14 +0000  Running /usr/bin/ditto '-V' '-c' '-k' '--norsrc' '/var/folders/x6/blkpl5cn0bl3nc8dlxh462sc0000gn/T/XcodeDistPipeline.3Ne/Root' '/var/folders/x6/blkpl5cn0bl3nc8dlxh462sc0000gn/T/XcodeDistPipeline.3Ne/Packages/ModarebAraby.ipa'
2019-04-15 00:58:14 +0000  >>> Copying /var/folders/x6/blkpl5cn0bl3nc8dlxh462sc0000gn/T/XcodeDistPipeline.3Ne/Root 
2019-04-15 00:58:14 +0000  copying file ./BCSymbolMaps/EA1D5C41-9E7D-3D0D-8B2A-7AB276C53DF0.bcsymbolmap ... 
2019-04-15 00:58:14 +0000  855778 bytes for ./BCSymbolMaps/EA1D5C41-9E7D-3D0D-8B2A-7AB276C53DF0.bcsymbolmap
2019-04-15 00:58:14 +0000  copying file ./BCSymbolMaps/923755D1-3251-3407-B892-48EA118712E7.bcsymbolmap ... 
2019-04-15 00:58:14 +0000  847814 bytes for ./BCSymbolMaps/923755D1-3251-3407-B892-48EA118712E7.bcsymbolmap
2019-04-15 00:58:14 +0000  copying file ./Payload/ModarebAraby.app/_CodeSignature/CodeResources ... 
2019-04-15 00:58:14 +0000  13327 bytes for ./Payload/ModarebAraby.app/_CodeSignature/CodeResources
2019-04-15 00:58:14 +0000  copying file ./Payload/ModarebAraby.app/Octicons.ttf ... 
2019-04-15 00:58:14 +0000  27520 bytes for ./Payload/ModarebAraby.app/Octicons.ttf
2019-04-15 00:58:14 +0000  copying file ./Payload/ModarebAraby.app/Feather.ttf ... 
2019-04-15 00:58:14 +0000  55288 bytes for ./Payload/ModarebAraby.app/Feather.ttf
2019-04-15 00:58:14 +0000  copying file ./Payload/ModarebAraby.app/ModarebAraby ... 
2019-04-15 00:58:15 +0000  31011904 bytes for ./Payload/ModarebAraby.app/ModarebAraby
2019-04-15 00:58:15 +0000  copying file ./Payload/ModarebAraby.app/Roboto_medium.ttf ... 
2019-04-15 00:58:15 +0000  137308 bytes for ./Payload/ModarebAraby.app/Roboto_medium.ttf
2019-04-15 00:58:15 +0000  copying file ./Payload/ModarebAraby.app/Entypo.ttf ... 
2019-04-15 00:58:15 +0000  65584 bytes for ./Payload/ModarebAraby.app/Entypo.ttf
2019-04-15 00:58:15 +0000  copying file ./Payload/ModarebAraby.app/FontAwesome5_Brands.ttf ... 
2019-04-15 00:58:15 +0000  118324 bytes for ./Payload/ModarebAraby.app/FontAwesome5_Brands.ttf
2019-04-15 00:58:15 +0000  copying file ./Payload/ModarebAraby.app/AppIcon29x29.png ... 
2019-04-15 00:58:15 +0000  3385 bytes for ./Payload/ModarebAraby.app/AppIcon29x29.png
2019-04-15 00:58:15 +0000  copying file ./Payload/ModarebAraby.app/MaterialCommunityIcons.ttf ... 
2019-04-15 00:58:15 +0000  322456 bytes for ./Payload/ModarebAraby.app/MaterialCommunityIcons.ttf
2019-04-15 00:58:15 +0000  copying file ./Payload/ModarebAraby.app/AppIcon60x60@2x.png ... 
2019-04-15 00:58:15 +0000  30877 bytes for ./Payload/ModarebAraby.app/AppIcon60x60@2x.png
2019-04-15 00:58:15 +0000  copying file ./Payload/ModarebAraby.app/AppIcon29x29@2x.png ... 
2019-04-15 00:58:15 +0000  9164 bytes for ./Payload/ModarebAraby.app/AppIcon29x29@2x.png
2019-04-15 00:58:15 +0000  copying file ./Payload/ModarebAraby.app/AntDesign.ttf ... 
2019-04-15 00:58:15 +0000  70344 bytes for ./Payload/ModarebAraby.app/AntDesign.ttf
2019-04-15 00:58:15 +0000  copying file ./Payload/ModarebAraby.app/AppIcon40x40@3x.png ... 
2019-04-15 00:58:15 +0000  30877 bytes for ./Payload/ModarebAraby.app/AppIcon40x40@3x.png
2019-04-15 00:58:15 +0000  copying file ./Payload/ModarebAraby.app/Foundation.ttf ... 
2019-04-15 00:58:15 +0000  56976 bytes for ./Payload/ModarebAraby.app/Foundation.ttf
2019-04-15 00:58:15 +0000  copying file ./Payload/ModarebAraby.app/Ionicons.ttf ... 
2019-04-15 00:58:15 +0000  143936 bytes for ./Payload/ModarebAraby.app/Ionicons.ttf
2019-04-15 00:58:15 +0000  copying file ./Payload/ModarebAraby.app/FontAwesome5_Solid.ttf ... 
2019-04-15 00:58:15 +0000  180500 bytes for ./Payload/ModarebAraby.app/FontAwesome5_Solid.ttf
2019-04-15 00:58:15 +0000  copying file ./Payload/ModarebAraby.app/AppIcon40x40@2x.png ... 
2019-04-15 00:58:15 +0000  15362 bytes for ./Payload/ModarebAraby.app/AppIcon40x40@2x.png
2019-04-15 00:58:15 +0000  copying file ./Payload/ModarebAraby.app/FontAwesome5_Regular.ttf ... 
2019-04-15 00:58:15 +0000  40348 bytes for ./Payload/ModarebAraby.app/FontAwesome5_Regular.ttf
2019-04-15 00:58:15 +0000  copying file ./Payload/ModarebAraby.app/AppIcon29x29@3x.png ... 
2019-04-15 00:58:15 +0000  17856 bytes for ./Payload/ModarebAraby.app/AppIcon29x29@3x.png
2019-04-15 00:58:15 +0000  copying file ./Payload/ModarebAraby.app/AppIcon60x60@3x.png ... 
2019-04-15 00:58:15 +0000  62265 bytes for ./Payload/ModarebAraby.app/AppIcon60x60@3x.png
2019-04-15 00:58:15 +0000  copying file ./Payload/ModarebAraby.app/rubicon-icon-font.ttf ... 
2019-04-15 00:58:15 +0000  10208 bytes for ./Payload/ModarebAraby.app/rubicon-icon-font.ttf
2019-04-15 00:58:15 +0000  copying file ./Payload/ModarebAraby.app/Base.lproj/LaunchScreen.nib ... 
2019-04-15 00:58:15 +0000  850 bytes for ./Payload/ModarebAraby.app/Base.lproj/LaunchScreen.nib
copying file ./Payload/ModarebAraby.app/FontAwesome.ttf ... 
2019-04-15 00:58:15 +0000  165548 bytes for ./Payload/ModarebAraby.app/FontAwesome.ttf
2019-04-15 00:58:15 +0000  copying file ./Payload/ModarebAraby.app/Zocial.ttf ... 
2019-04-15 00:58:15 +0000  25552 bytes for ./Payload/ModarebAraby.app/Zocial.ttf
2019-04-15 00:58:15 +0000  copying file ./Payload/ModarebAraby.app/Roboto.ttf ... 
2019-04-15 00:58:15 +0000  145348 bytes for ./Payload/ModarebAraby.app/Roboto.ttf
2019-04-15 00:58:15 +0000  copying file ./Payload/ModarebAraby.app/Assets.car ... 
2019-04-15 00:58:15 +0000  229416 bytes for ./Payload/ModarebAraby.app/Assets.car
2019-04-15 00:58:16 +0000  copying file ./Payload/ModarebAraby.app/EvilIcons.ttf ... 
13128 bytes for ./Payload/ModarebAraby.app/EvilIcons.ttf
copying file ./Payload/ModarebAraby.app/main.jsbundle ... 
2019-04-15 00:58:16 +0000  2247352 bytes for ./Payload/ModarebAraby.app/main.jsbundle
2019-04-15 00:58:16 +0000  copying file ./Payload/ModarebAraby.app/SimpleLineIcons.ttf ... 
2019-04-15 00:58:16 +0000  54056 bytes for ./Payload/ModarebAraby.app/SimpleLineIcons.ttf
2019-04-15 00:58:16 +0000  copying file ./Payload/ModarebAraby.app/embedded.mobileprovision ... 
2019-04-15 00:58:16 +0000  7525 bytes for ./Payload/ModarebAraby.app/embedded.mobileprovision
2019-04-15 00:58:16 +0000  copying file ./Payload/ModarebAraby.app/assets/node_modules/react-navigation-stack/dist/views/assets/back-icon@3x.png ... 
2019-04-15 00:58:16 +0000  761 bytes for ./Payload/ModarebAraby.app/assets/node_modules/react-navigation-stack/dist/views/assets/back-icon@3x.png
2019-04-15 00:58:16 +0000  copying file ./Payload/ModarebAraby.app/assets/node_modules/react-navigation-stack/dist/views/assets/back-icon@2x.png ... 
2019-04-15 00:58:16 +0000  405 bytes for ./Payload/ModarebAraby.app/assets/node_modules/react-navigation-stack/dist/views/assets/back-icon@2x.png
2019-04-15 00:58:16 +0000  copying file ./Payload/ModarebAraby.app/assets/node_modules/react-navigation-stack/dist/views/assets/back-icon.png ... 
2019-04-15 00:58:16 +0000  290 bytes for ./Payload/ModarebAraby.app/assets/node_modules/react-navigation-stack/dist/views/assets/back-icon.png
copying file ./Payload/ModarebAraby.app/assets/node_modules/react-navigation-stack/dist/views/assets/back-icon-mask.png ... 
2019-04-15 00:58:16 +0000  659 bytes for ./Payload/ModarebAraby.app/assets/node_modules/react-navigation-stack/dist/views/assets/back-icon-mask.png
2019-04-15 00:58:16 +0000  copying file ./Payload/ModarebAraby.app/assets/src/assets/images/user-default1.jpg ... 
2019-04-15 00:58:16 +0000  113597 bytes for ./Payload/ModarebAraby.app/assets/src/assets/images/user-default1.jpg
2019-04-15 00:58:16 +0000  copying file ./Payload/ModarebAraby.app/assets/src/assets/images/tooltip.png ... 
2019-04-15 00:58:16 +0000  140086 bytes for ./Payload/ModarebAraby.app/assets/src/assets/images/tooltip.png
2019-04-15 00:58:16 +0000  copying file ./Payload/ModarebAraby.app/assets/src/assets/images/logo.png ... 
2019-04-15 00:58:16 +0000  154968 bytes for ./Payload/ModarebAraby.app/assets/src/assets/images/logo.png
2019-04-15 00:58:16 +0000  copying file ./Payload/ModarebAraby.app/assets/src/assets/images/user-default.png ... 
2019-04-15 00:58:16 +0000  19477 bytes for ./Payload/ModarebAraby.app/assets/src/assets/images/user-default.png
2019-04-15 00:58:16 +0000  copying file ./Payload/ModarebAraby.app/Info.plist ... 
2019-04-15 00:58:16 +0000  1776 bytes for ./Payload/ModarebAraby.app/Info.plist
copying file ./Payload/ModarebAraby.app/PkgInfo ... 
8 bytes for ./Payload/ModarebAraby.app/PkgInfo
copying file ./Payload/ModarebAraby.app/MaterialIcons.ttf ... 
2019-04-15 00:58:16 +0000  128180 bytes for ./Payload/ModarebAraby.app/MaterialIcons.ttf
2019-04-15 00:58:16 +0000  /usr/bin/ditto exited with 0
2019-04-15 00:58:16 +0000  Processing step: IDEDistributionAppStoreInformationStep
2019-04-15 00:58:16 +0000  Skipping step: IDEDistributionAppStoreInformationStep because it said so
2019-04-15 00:58:16 +0000  Processing step: IDEDistributionCreateManifestStep
2019-04-15 00:58:16 +0000  Skipping step: IDEDistributionCreateManifestStep because it said so
